Determining if the pthread_create exist failed with the following output:
Change Dir: /home/xuwenyu/learn_slam/ch6/build/CMakeFiles/CMakeTmp

Run Build Command:"/usr/bin/make" "cmTC_5c10b/fast"
/usr/bin/make -f CMakeFiles/cmTC_5c10b.dir/build.make CMakeFiles/cmTC_5c10b.dir/build
make[1]: 进入目录“/home/xuwenyu/learn_slam/ch6/build/CMakeFiles/CMakeTmp”
Building C object CMakeFiles/cmTC_5c10b.dir/CheckSymbolExists.c.o
/usr/bin/cc    -o CMakeFiles/cmTC_5c10b.dir/CheckSymbolExists.c.o   -c /home/xuwenyu/learn_slam/ch6/build/CMakeFiles/CMakeTmp/CheckSymbolExists.c
Linking C executable cmTC_5c10b
/usr/bin/cmake -E cmake_link_script CMakeFiles/cmTC_5c10b.dir/link.txt --verbose=1
/usr/bin/cc      -rdynamic CMakeFiles/cmTC_5c10b.dir/CheckSymbolExists.c.o  -o cmTC_5c10b 
CMakeFiles/cmTC_5c10b.dir/CheckSymbolExists.c.o：在函数‘main’中：
CheckSymbolExists.c:(.text+0x1b)：对‘pthread_create’未定义的引用
collect2: error: ld returned 1 exit status
CMakeFiles/cmTC_5c10b.dir/build.make:97: recipe for target 'cmTC_5c10b' failed
make[1]: *** [cmTC_5c10b] Error 1
make[1]: 离开目录“/home/xuwenyu/learn_slam/ch6/build/CMakeFiles/CMakeTmp”
Makefile:126: recipe for target 'cmTC_5c10b/fast' failed
make: *** [cmTC_5c10b/fast] Error 2

File /home/xuwenyu/learn_slam/ch6/build/CMakeFiles/CMakeTmp/CheckSymbolExists.c:
/* */
#include <pthread.h>

int main(int argc, char** argv)
{
  (void)argv;
#ifndef pthread_create
  return ((int*)(&pthread_create))[argc];
#else
  (void)argc;
  return 0;
#endif
}

Determining if the function pthread_create exists in the pthreads failed with the following output:
Change Dir: /home/xuwenyu/learn_slam/ch6/build/CMakeFiles/CMakeTmp

Run Build Command:"/usr/bin/make" "cmTC_f6feb/fast"
/usr/bin/make -f CMakeFiles/cmTC_f6feb.dir/build.make CMakeFiles/cmTC_f6feb.dir/build
make[1]: 进入目录“/home/xuwenyu/learn_slam/ch6/build/CMakeFiles/CMakeTmp”
Building C object CMakeFiles/cmTC_f6feb.dir/CheckFunctionExists.c.o
/usr/bin/cc   -DCHECK_FUNCTION_EXISTS=pthread_create   -o CMakeFiles/cmTC_f6feb.dir/CheckFunctionExists.c.o   -c /usr/share/cmake-3.10/Modules/CheckFunctionExists.c
Linking C executable cmTC_f6feb
/usr/bin/cmake -E cmake_link_script CMakeFiles/cmTC_f6feb.dir/link.txt --verbose=1
/usr/bin/cc  -DCHECK_FUNCTION_EXISTS=pthread_create    -rdynamic CMakeFiles/cmTC_f6feb.dir/CheckFunctionExists.c.o  -o cmTC_f6feb -lpthreads 
/usr/bin/ld: 找不到 -lpthreads
collect2: error: ld returned 1 exit status
CMakeFiles/cmTC_f6feb.dir/build.make:97: recipe for target 'cmTC_f6feb' failed
make[1]: *** [cmTC_f6feb] Error 1
make[1]: 离开目录“/home/xuwenyu/learn_slam/ch6/build/CMakeFiles/CMakeTmp”
Makefile:126: recipe for target 'cmTC_f6feb/fast' failed
make: *** [cmTC_f6feb/fast] Error 2


